Appending additional Java properties to JAVA_OPTS: -Dkeycloak.migration.strategy=IGNORE_EXISTING -Dkeycloak.import=/opt/ldaprealm.json
Updating the configuration and installing your custom providers, if any. Please wait.
2022-04-28 22:05:59,402 INFO  [org.keycloak.common.Profile] (build-13) Preview feature enabled: admin_fine_grained_authz
2022-04-28 22:05:59,403 INFO  [org.keycloak.common.Profile] (build-13) Preview feature enabled: token_exchange
2022-04-28 22:06:03,789 INFO  [io.quarkus.deployment.QuarkusAugmentor] (main) Quarkus augmentation completed in 5460ms
2022-04-28 22:06:06,382 INFO  [org.keycloak.common.Profile] (main) Preview feature enabled: admin_fine_grained_authz
2022-04-28 22:06:06,383 INFO  [org.keycloak.common.Profile] (main) Preview feature enabled: token_exchange
2022-04-28 22:06:06,390 INFO  [org.keycloak.quarkus.runtime.hostname.DefaultHostnameProvider] (main) Hostname settings: FrontEnd: sso.local:4080, Strict HTTPS: false, Path: <request>, Strict BackChannel: false, Admin: <request>
2022-04-28 22:06:07,047 WARN  [org.infinispan.PERSISTENCE] (keycloak-cache-init) ISPN000554: jboss-marshalling is deprecated and planned for removal
2022-04-28 22:06:07,074 WARN  [org.infinispan.CONFIG] (keycloak-cache-init) ISPN000569: Unable to persist Infinispan internal caches as no global state enabled
2022-04-28 22:06:07,089 INFO  [org.infinispan.CONTAINER] (keycloak-cache-init) ISPN000556: Starting user marshaller 'org.infinispan.jboss.marshalling.core.JBossUserMarshaller'
2022-04-28 22:06:07,330 INFO  [org.infinispan.CONTAINER] (keycloak-cache-init) ISPN000128: Infinispan version: Infinispan 'Triskaidekaphobia' 13.0.5.Final
2022-04-28 22:06:07,697 INFO  [org.keycloak.connections.infinispan.DefaultInfinispanConnectionProviderFactory] (main) Node name: node_315644, Site name: null
2022-04-28 22:06:09,066 INFO  [org.keycloak.quarkus.runtime.storage.database.liquibase.QuarkusJpaUpdaterProvider] (main) Initializing database schema. Using changelog META-INF/jpa-changelog-master.xml
2022-04-28 22:06:11,077 INFO  [org.keycloak.services] (main) KC-SERVICES0050: Initializing master realm
2022-04-28 22:06:14,004 INFO  [org.keycloak.services] (main) KC-SERVICES0004: Imported realm kc-demo from file /opt/ldaprealm.json.
2022-04-28 22:06:14,297 INFO  [org.keycloak.services] (main) KC-SERVICES0009: Added user 'admin' to realm 'master'
2022-04-28 22:06:14,384 INFO  [io.quarkus] (main) Keycloak 17.0.0 on JVM (powered by Quarkus 2.7.0.Final) started in 10.465s. Listening on: http://0.0.0.0:4080
2022-04-28 22:06:14,384 INFO  [io.quarkus] (main) Profile dev activated. 
2022-04-28 22:06:14,384 INFO  [io.quarkus] (main) Installed features: [agroal, cdi, hibernate-orm, infinispan-client, jdbc-h2, jdbc-mariadb, jdbc-mssql, jdbc-mysql, jdbc-oracle, jdbc-postgresql, keycloak, narayana-jta, reactive-routes, resteasy, resteasy-jackson, smallrye-context-propagation, smallrye-health, smallrye-metrics, vault, vertx]
2022-04-28 22:06:14,385 WARN  [org.keycloak.quarkus.runtime.KeycloakMain] (main) Running the server in development mode. DO NOT use this configuration in production.
2022-04-28 22:07:05,231 INFO  [org.keycloak.storage.ldap.LDAPIdentityStoreRegistry] (executor-thread-0) Creating new LDAP Store for the LDAP storage provider: 'ldap-apacheds', LDAP Configuration: {debug=[false], pagination=[true], fullSyncPeriod=[-1], searchScope=[1], usersDn=[ou=People,dc=example,dc=org], connectionPooling=[true], priority=[1], userObjectClasses=[inetOrgPerson, organizationalPerson], usernameLDAPAttribute=[uid], bindDn=[cn=admin,dc=example,dc=org], changedSyncPeriod=[-1], rdnLDAPAttribute=[uid], lastSync=[0], vendor=[other], editMode=[READ_ONLY], uuidLDAPAttribute=[uid], connectionUrl=[ldap://openldap:389], syncRegistrations=[true], authType=[simple]}, binaryAttributes: [jpegPhoto]








Caution: previously defined variables will not be overriden.
/container/environment/99-default/default.yaml

To see how this files are processed and environment variables values,
run this container with '--loglevel debug'
***  INFO   | 2022-04-28 22:05:57 | Running /container/run/process/slapd/run...
626b0fc5 @(#) $OpenLDAP: slapd 2.4.57+dfsg-1~bpo10+1 (Jan 30 2021 06:59:51) $
	Debian OpenLDAP Maintainers <pkg-openldap-devel@lists.alioth.debian.org>
626b0fc5 slapd starting

626b1009 conn=1000 fd=12 ACCEPT from IP=10.89.8.4:59178 (IP=0.0.0.0:389)
626b1009 conn=1001 fd=13 ACCEPT from IP=10.89.8.4:59180 (IP=0.0.0.0:389)
626b1009 conn=1001 op=0 BIND dn="cn=admin,dc=example,dc=org" method=128
626b1009 conn=1001 op=0 BIND dn="cn=admin,dc=example,dc=org" mech=SIMPLE ssf=0
626b1009 conn=1001 op=0 RESULT tag=97 err=0 text=
626b1009 conn=1001 op=1 SRCH base="ou=People,dc=example,dc=org" scope=1 deref=3 filter="(&(objectClass=*)(uid=jbrown))"
626b1009 conn=1001 op=1 SRCH attr=jpegPhoto uid mail street postalCode cn sn objectclass modifyTimestamp createTimestamp
626b1009 conn=1001 op=1 SEARCH RESULT tag=101 err=0 nentries=1 text=
626b1009 conn=1002 fd=14 ACCEPT from IP=10.89.8.4:59182 (IP=0.0.0.0:389)
626b1009 conn=1002 op=0 BIND dn="uid=jbrown,ou=People,dc=example,dc=org" method=128
626b1009 conn=1002 op=0 BIND dn="uid=jbrown,ou=People,dc=example,dc=org" mech=SIMPLE ssf=0
626b1009 conn=1002 op=0 RESULT tag=97 err=0 text=
626b1009 conn=1002 op=1 UNBIND
626b1009 conn=1002 fd=14 closed
626b1009 conn=1003 fd=14 ACCEPT from IP=10.89.8.4:59184 (IP=0.0.0.0:389)
626b1009 conn=1003 op=0 BIND dn="cn=admin,dc=example,dc=org" method=128
626b1009 conn=1003 op=0 BIND dn="cn=admin,dc=example,dc=org" mech=SIMPLE ssf=0
626b1009 conn=1003 op=0 RESULT tag=97 err=0 text=
626b1009 conn=1003 op=1 SRCH base="ou=FinanceRoles,dc=example,dc=org" scope=1 deref=3 filter="(&(member=uid=jbrown,ou=people,dc=example,dc=org)(objectClass=groupOfNames))"
626b1009 conn=1003 op=1 SRCH attr=uid cn objectclass
626b1009 <= mdb_equality_candidates: (member) not indexed
626b1009 conn=1003 op=1 SEARCH RESULT tag=101 err=0 nentries=0 text=
626b1009 conn=1004 fd=15 ACCEPT from IP=10.89.8.4:59186 (IP=0.0.0.0:389)
626b1009 conn=1004 op=0 BIND dn="cn=admin,dc=example,dc=org" method=128
626b1009 conn=1004 op=0 BIND dn="cn=admin,dc=example,dc=org" mech=SIMPLE ssf=0
626b1009 conn=1004 op=0 RESULT tag=97 err=0 text=
626b1009 conn=1004 op=1 SRCH base="ou=RealmRoles,dc=example,dc=org" scope=1 deref=3 filter="(&(member=uid=jbrown,ou=people,dc=example,dc=org)(objectClass=groupOfNames))"
626b1009 conn=1004 op=1 SRCH attr=uid cn objectclass
626b1009 <= mdb_equality_candidates: (member) not indexed
626b1009 conn=1004 op=1 SEARCH RESULT tag=101 err=0 nentries=2 text=
